<?xml version="1.0" encoding="UTF-8"?>
<testsuite xmlns:xsi="http://www.w3.org/2001/XMLSchema-instance" xsi:noNamespaceSchemaLocation="https://maven.apache.org/surefire/maven-surefire-plugin/xsd/surefire-test-report-3.0.xsd" version="3.0" name="TestSuite" time="13.279" tests="1" errors="0" skipped="0" failures="0">
  <properties>
[...]
</properties>
  <testcase name="runScenario[&quot;Valid able loging the application.&quot;, &quot;Optional[Validate login functionalties]&quot;](1)" classname="golbaltek.ny.ruuner.MyRunner" time="11.437">
    <system-out><![CDATA[[TestNGContentHandler] [WARN] It is strongly recommended to add "<!DOCTYPE suite SYSTEM "http://testng.org/testng-1.0.dtd" >" at the top of your file, otherwise TestNG may fail or not work as expected.

@login
Scenario: Valid able loging the application.              &amp#27;[90m# Features/LoginTest.feature:4&amp#27;[0m
  &amp#27;[32mGiven &amp#27;[0m&amp#27;[32mUser is able to open any browser&amp#27;[0m                  &amp#27;[90m# golbaltek.ny.stepdefintions.LoginStefDef.user_is_able_to_open_any_browser()&amp#27;[0m
  &amp#27;[32mAnd &amp#27;[0m&amp#27;[32mUser is able to enter the URL&amp#27;[0m                       &amp#27;[90m# golbaltek.ny.stepdefintions.LoginStefDef.user_is_able_to_enter_the_url()&amp#27;[0m
  &amp#27;[32mWhen &amp#27;[0m&amp#27;[32mUser is able to click on sign in BTN&amp#27;[0m               &amp#27;[90m# golbaltek.ny.stepdefintions.LoginStefDef.user_is_able_to_click_on_sign_in_btn()&amp#27;[0m
  &amp#27;[32mAnd &amp#27;[0m&amp#27;[32mUser is able to enter the user name&amp#27;[0m                 &amp#27;[90m# golbaltek.ny.stepdefintions.LoginStefDef.user_is_able_to_enter_the_user_name()&amp#27;[0m
  &amp#27;[32mAnd &amp#27;[0m&amp#27;[32mUser is able to enter the password&amp#27;[0m                  &amp#27;[90m# golbaltek.ny.stepdefintions.LoginStefDef.user_is_able_to_enter_the_password()&amp#27;[0m
  &amp#27;[32mAnd &amp#27;[0m&amp#27;[32mUser is able to click on log in BTN&amp#27;[0m                 &amp#27;[90m# golbaltek.ny.stepdefintions.LoginStefDef.user_is_able_to_click_on_log_in_btn()&amp#27;[0m
My expected and actual result is matched : Welcome, Tanvir Patwary!
  &amp#27;[32mThen &amp#27;[0m&amp#27;[32mUser is able to verify the user info on the screen&amp#27;[0m &amp#27;[90m# golbaltek.ny.stepdefintions.LoginStefDef.user_is_able_to_verify_the_user_info_on_the_screen()&amp#27;[0m
]]></system-out>
    <system-err><![CDATA[log4j:WARN No appenders could be found for logger (io.github.bonigarcia.wdm.WebDriverManager).
log4j:WARN Please initialize the log4j system properly.
log4j:WARN See http://logging.apache.org/log4j/1.2/faq.html#noconfig for more info.
Starting ChromeDriver 120.0.6099.109 (3419140ab665596f21b385ce136419fde0924272-refs/branch-heads/6099@{#1483}) on port 61045
Only local connections are allowed.
Please see https://chromedriver.chromium.org/security-considerations for suggestions on keeping ChromeDriver safe.
ChromeDriver was started successfully.
Jan 28, 2024 3:28:23 PM org.openqa.selenium.remote.ProtocolHandshake createSession
INFO: Detected dialect: W3C
]]></system-err>
  </testcase>
</testsuite>